c:\new\testproudnet\common\x64\debug\common.pch
c:\new\testproudnet\server\x64\debug\common.pdb
c:\new\testproudnet\server\x64\debug\common.idb
c:\new\testproudnet\common\x64\debug\pch.obj
c:\new\testproudnet\common\x64\debug\common.obj
c:\new\testproudnet\common\c2c_common.cpp
c:\new\testproudnet\common\c2c_common.h
c:\new\testproudnet\common\c2c_proxy.cpp
c:\new\testproudnet\common\c2c_proxy.h
c:\new\testproudnet\common\c2c_stub.cpp
c:\new\testproudnet\common\c2c_stub.h
c:\new\testproudnet\common\c2s_common.cpp
c:\new\testproudnet\common\c2s_common.h
c:\new\testproudnet\common\c2s_proxy.cpp
c:\new\testproudnet\common\c2s_proxy.h
c:\new\testproudnet\common\c2s_stub.cpp
c:\new\testproudnet\common\c2s_stub.h
c:\new\testproudnet\common\s2c_common.cpp
c:\new\testproudnet\common\s2c_common.h
c:\new\testproudnet\common\s2c_proxy.cpp
c:\new\testproudnet\common\s2c_proxy.h
c:\new\testproudnet\common\s2c_stub.cpp
c:\new\testproudnet\common\s2c_stub.h
c:\new\testproudnet\server\x64\debug\common.lib
c:\new\testproudnet\common\x64\debug\common.tlog\cl.command.1.tlog
c:\new\testproudnet\common\x64\debug\common.tlog\cl.read.1.tlog
c:\new\testproudnet\common\x64\debug\common.tlog\cl.write.1.tlog
c:\new\testproudnet\common\x64\debug\common.tlog\custombuild.command.1.tlog
c:\new\testproudnet\common\x64\debug\common.tlog\custombuild.read.1.tlog
c:\new\testproudnet\common\x64\debug\common.tlog\custombuild.write.1.tlog
c:\new\testproudnet\common\x64\debug\common.tlog\lib-link.read.1.tlog
c:\new\testproudnet\common\x64\debug\common.tlog\lib-link.write.1.tlog
c:\new\testproudnet\common\x64\debug\common.tlog\lib.command.1.tlog
